<?xml version="1.0" encoding="UTF-8"?>
<!-- Generated by org.testng.reporters.JUnitReportReporter -->
<testsuite hostname="DESKTOP-648C2V1" failures="0" tests="6" name="Codestudio.Codestudio.EnableDisableTC" time="0.027" errors="0" timestamp="2023-12-28T16:02:38 IST" skipped="3">
  <testcase classname="Codestudio.Codestudio.EnableDisableTC" name="MobileLoginAutoLoan" time="0.003"/>
  <system-out/>
  <testcase classname="Codestudio.Codestudio.EnableDisableTC" name="APILoginAuoLoan" time="0.021"/>
  <system-out/>
  <testcase classname="Codestudio.Codestudio.EnableDisableTC" name="WebLoginAutoLoan" time="0.003"/>
  <system-out/>
  <testcase classname="Codestudio.Codestudio.EnableDisableTC" name="WebLoginPersonalLoan">
    <skipped/>
  </testcase> <!-- WebLoginPersonalLoan -->
  <system-out/>
  <testcase classname="Codestudio.Codestudio.EnableDisableTC" name="APILoginPersonalLoan">
    <skipped/>
  </testcase> <!-- APILoginPersonalLoan -->
  <system-out/>
  <testcase classname="Codestudio.Codestudio.EnableDisableTC" name="MobileLoginPersonalLoan">
    <skipped/>
  </testcase> <!-- MobileLoginPersonalLoan -->
  <system-out/>
</testsuite> <!-- Codestudio.Codestudio.EnableDisableTC -->
