<?xml version="1.0" encoding="UTF-8"?>
<!-- Generated by org.testng.reporters.JUnitReportReporter -->
<testsuite hostname="DESKTOP-648C2V1" failures="0" tests="1" name="Codestudio.Codestudio.TestNgDemo" time="7.166" errors="0" timestamp="2023-12-28T12:38:49 IST" skipped="0">
  <testcase classname="Codestudio.Codestudio.TestNgDemo" name="verifyPageTitle" time="7.166"/>
  <system-out/>
</testsuite> <!-- Codestudio.Codestudio.TestNgDemo -->
