<?xml version="1.0" encoding="UTF-8"?>
<!-- Generated by org.testng.reporters.JUnitReportReporter -->
<testsuite hostname="DESKTOP-648C2V1" failures="0" tests="2" name="Codestudio.Codestudio.XMLCurrentAcct" time="0.011" errors="0" timestamp="2023-12-28T13:31:30 IST" skipped="0">
  <testcase classname="Codestudio.Codestudio.XMLCurrentAcct" name="CurrentTC2" time="0.004"/>
  <system-out/>
  <testcase classname="Codestudio.Codestudio.XMLCurrentAcct" name="CurrentTC1" time="0.007"/>
  <system-out/>
</testsuite> <!-- Codestudio.Codestudio.XMLCurrentAcct -->
