<?xml version="1.0" encoding="UTF-8"?>
<!-- Generated by org.testng.reporters.JUnitReportReporter -->
<testsuite hostname="DESKTOP-648C2V1" failures="0" tests="2" name="Codestudio.Codestudio.AnnotationsGroups" time="0.029" errors="0" timestamp="2023-12-28T16:57:09 IST" skipped="0">
  <testcase classname="Codestudio.Codestudio.AnnotationsGroups" name="Infosys" time="0.023"/>
  <system-out/>
  <testcase classname="Codestudio.Codestudio.AnnotationsGroups" name="TCS" time="0.006"/>
  <system-out/>
</testsuite> <!-- Codestudio.Codestudio.AnnotationsGroups -->
