<?xml version="1.0" encoding="UTF-8"?>
<!-- Generated by org.testng.reporters.JUnitReportReporter -->
<testsuite hostname="DESKTOP-648C2V1" failures="0" tests="2" name="Codestudio.Codestudio.ParallelTest" time="27.719" errors="0" timestamp="2023-12-29T14:58:17 IST" skipped="0">
  <testcase classname="Codestudio.Codestudio.ParallelTest" name="verifyTitle" time="14.278"/>
  <system-out/>
  <testcase classname="Codestudio.Codestudio.ParallelTest" name="verifyLogo" time="13.441"/>
  <system-out/>
</testsuite> <!-- Codestudio.Codestudio.ParallelTest -->
