<?xml version="1.0" encoding="UTF-8"?>
<!-- Generated by org.testng.reporters.JUnitReportReporter -->
<testsuite hostname="DESKTOP-648C2V1" failures="0" tests="1" name="Codestudio.Codestudio.DataProvider" time="8.232" errors="0" timestamp="2024-01-01T11:24:19 IST" skipped="0">
  <testcase classname="Codestudio.Codestudio.DataProvider" name="GoogleSearchTC" time="8.232"/>
  <system-out/>
</testsuite> <!-- Codestudio.Codestudio.DataProvider -->
