<?xml version="1.0" encoding="UTF-8"?>
<!-- Generated by org.testng.reporters.JUnitReportReporter -->
<testsuite hostname="DESKTOP-648C2V1" failures="0" tests="2" name="Codestudio.Codestudio.XML" time="0.024" errors="0" timestamp="2023-12-28T12:54:28 IST" skipped="0">
  <testcase classname="Codestudio.Codestudio.XML" name="test1" time="0.021"/>
  <system-out/>
  <testcase classname="Codestudio.Codestudio.XML" name="test2" time="0.003"/>
  <system-out/>
</testsuite> <!-- Codestudio.Codestudio.XML -->
