<?xml version="1.0" encoding="UTF-8"?>
<!-- Generated by org.testng.reporters.JUnitReportReporter -->
<testsuite hostname="DESKTOP-648C2V1" failures="0" tests="2" name="Codestudio.Codestudio.Annotations" time="0.026" errors="0" timestamp="2023-12-28T16:09:07 IST" skipped="0">
  <testcase classname="Codestudio.Codestudio.Annotations" name="TC1" time="0.015"/>
  <system-out/>
  <testcase classname="Codestudio.Codestudio.Annotations" name="TC2" time="0.011"/>
  <system-out/>
</testsuite> <!-- Codestudio.Codestudio.Annotations -->
