<?xml version="1.0" encoding="UTF-8"?>
<!-- Generated by org.testng.reporters.JUnitReportReporter -->
<testsuite hostname="DESKTOP-648C2V1" failures="0" tests="2" name="Codestudio.Codestudio.XMLSavingAcct" time="0.026" errors="0" timestamp="2023-12-28T13:31:30 IST" skipped="0">
  <testcase classname="Codestudio.Codestudio.XMLSavingAcct" name="SavingTC1" time="0.020"/>
  <system-out/>
  <testcase classname="Codestudio.Codestudio.XMLSavingAcct" name="SavingTC2" time="0.006"/>
  <system-out/>
</testsuite> <!-- Codestudio.Codestudio.XMLSavingAcct -->
